<?xml version="1.0" encoding="UTF-8" standalone="no"?>
<!DOCTYPE log SYSTEM "logger.dtd">
<log>
<record>
  <date>2024-10-08T22:10:55.115360123Z</date>
  <millis>1728425455115</millis>
  <nanos>360123</nanos>
  <sequence>0</sequence>
  <logger>Server</logger>
  <level>INFO</level>
  <class>Server</class>
  <method>main</method>
  <thread>1</thread>
  <message>Server started</message>
</record>
<record>
  <date>2024-10-08T22:11:11.833532258Z</date>
  <millis>1728425471833</millis>
  <nanos>532258</nanos>
  <sequence>1</sequence>
  <logger>Server</logger>
  <level>INFO</level>
  <class>Server</class>
  <method>main</method>
  <thread>1</thread>
  <message>Server get request</message>
</record>
<record>
  <date>2024-10-08T22:11:11.850879067Z</date>
  <millis>1728425471850</millis>
  <nanos>879067</nanos>
  <sequence>2</sequence>
  <logger>Server</logger>
  <level>INFO</level>
  <class>Server</class>
  <method>main</method>
  <thread>1</thread>
  <message>Request has been processed</message>
</record>
<record>
  <date>2024-10-08T22:11:14.773430450Z</date>
  <millis>1728425474773</millis>
  <nanos>430450</nanos>
  <sequence>3</sequence>
  <logger>Server</logger>
  <level>INFO</level>
  <class>Server</class>
  <method>main</method>
  <thread>1</thread>
  <message>Server get request</message>
</record>
<record>
  <date>2024-10-08T22:11:14.774113373Z</date>
  <millis>1728425474774</millis>
  <nanos>113373</nanos>
  <sequence>4</sequence>
  <logger>Server</logger>
  <level>INFO</level>
  <class>Server</class>
  <method>main</method>
  <thread>1</thread>
  <message>Request has been processed</message>
</record>
<record>
  <date>2024-10-08T22:11:15.453668141Z</date>
  <millis>1728425475453</millis>
  <nanos>668141</nanos>
  <sequence>5</sequence>
  <logger>Server</logger>
  <level>INFO</level>
  <class>Server</class>
  <method>main</method>
  <thread>1</thread>
  <message>Server get request</message>
</record>
<record>
  <date>2024-10-08T22:11:15.454423756Z</date>
  <millis>1728425475454</millis>
  <nanos>423756</nanos>
  <sequence>6</sequence>
  <logger>Server</logger>
  <level>INFO</level>
  <class>Server</class>
  <method>main</method>
  <thread>1</thread>
  <message>Request has been processed</message>
</record>
<record>
  <date>2024-10-08T22:11:15.710420645Z</date>
  <millis>1728425475710</millis>
  <nanos>420645</nanos>
  <sequence>7</sequence>
  <logger>Server</logger>
  <level>INFO</level>
  <class>Server</class>
  <method>main</method>
  <thread>1</thread>
  <message>Server get request</message>
</record>
<record>
  <date>2024-10-08T22:11:15.710991970Z</date>
  <millis>1728425475710</millis>
  <nanos>991970</nanos>
  <sequence>8</sequence>
  <logger>Server</logger>
  <level>INFO</level>
  <class>Server</class>
  <method>main</method>
  <thread>1</thread>
  <message>Request has been processed</message>
</record>
<record>
  <date>2024-10-08T22:11:15.967301386Z</date>
  <millis>1728425475967</millis>
  <nanos>301386</nanos>
  <sequence>9</sequence>
  <logger>Server</logger>
  <level>INFO</level>
  <class>Server</class>
  <method>main</method>
  <thread>1</thread>
  <message>Server get request</message>
</record>
<record>
  <date>2024-10-08T22:11:15.967805870Z</date>
  <millis>1728425475967</millis>
  <nanos>805870</nanos>
  <sequence>10</sequence>
  <logger>Server</logger>
  <level>INFO</level>
  <class>Server</class>
  <method>main</method>
  <thread>1</thread>
  <message>Request has been processed</message>
</record>
<record>
  <date>2024-10-08T22:11:16.220388073Z</date>
  <millis>1728425476220</millis>
  <nanos>388073</nanos>
  <sequence>11</sequence>
  <logger>Server</logger>
  <level>INFO</level>
  <class>Server</class>
  <method>main</method>
  <thread>1</thread>
  <message>Server get request</message>
</record>
<record>
  <date>2024-10-08T22:11:16.220994482Z</date>
  <millis>1728425476220</millis>
  <nanos>994482</nanos>
  <sequence>12</sequence>
  <logger>Server</logger>
  <level>INFO</level>
  <class>Server</class>
  <method>main</method>
  <thread>1</thread>
  <message>Request has been processed</message>
</record>
<record>
  <date>2024-10-08T22:11:16.996392753Z</date>
  <millis>1728425476996</millis>
  <nanos>392753</nanos>
  <sequence>13</sequence>
  <logger>Server</logger>
  <level>INFO</level>
  <class>Server</class>
  <method>main</method>
  <thread>1</thread>
  <message>Server get request</message>
</record>
<record>
  <date>2024-10-08T22:11:16.996952546Z</date>
  <millis>1728425476996</millis>
  <nanos>952546</nanos>
  <sequence>14</sequence>
  <logger>Server</logger>
  <level>INFO</level>
  <class>Server</class>
  <method>main</method>
  <thread>1</thread>
  <message>Request has been processed</message>
</record>
<record>
  <date>2024-10-08T22:11:32.649618556Z</date>
  <millis>1728425492649</millis>
  <nanos>618556</nanos>
  <sequence>15</sequence>
  <logger>Server</logger>
  <level>INFO</level>
  <class>Server</class>
  <method>main</method>
  <thread>1</thread>
  <message>Server get request</message>
</record>
<record>
  <date>2024-10-08T22:11:32.650280023Z</date>
  <millis>1728425492650</millis>
  <nanos>280023</nanos>
  <sequence>16</sequence>
  <logger>Server</logger>
  <level>INFO</level>
  <class>Server</class>
  <method>main</method>
  <thread>1</thread>
  <message>Request has been processed</message>
</record>
<record>
  <date>2024-10-08T22:11:39.776400489Z</date>
  <millis>1728425499776</millis>
  <nanos>400489</nanos>
  <sequence>17</sequence>
  <logger>Server</logger>
  <level>INFO</level>
  <class>Server</class>
  <method>main</method>
  <thread>1</thread>
  <message>Server get request</message>
</record>
<record>
  <date>2024-10-08T22:11:39.777069326Z</date>
  <millis>1728425499777</millis>
  <nanos>69326</nanos>
  <sequence>18</sequence>
  <logger>Server</logger>
  <level>INFO</level>
  <class>Server</class>
  <method>main</method>
  <thread>1</thread>
  <message>Request has been processed</message>
</record>
<record>
  <date>2024-10-08T22:11:40.018399697Z</date>
  <millis>1728425500018</millis>
  <nanos>399697</nanos>
  <sequence>19</sequence>
  <logger>Server</logger>
  <level>INFO</level>
  <class>Server</class>
  <method>main</method>
  <thread>1</thread>
  <message>Server get request</message>
</record>
<record>
  <date>2024-10-08T22:11:40.019022940Z</date>
  <millis>1728425500019</millis>
  <nanos>22940</nanos>
  <sequence>20</sequence>
  <logger>Server</logger>
  <level>INFO</level>
  <class>Server</class>
  <method>main</method>
  <thread>1</thread>
  <message>Request has been processed</message>
</record>
<record>
  <date>2024-10-08T22:11:40.235532951Z</date>
  <millis>1728425500235</millis>
  <nanos>532951</nanos>
  <sequence>21</sequence>
  <logger>Server</logger>
  <level>INFO</level>
  <class>Server</class>
  <method>main</method>
  <thread>1</thread>
  <message>Server get request</message>
</record>
<record>
  <date>2024-10-08T22:11:40.235966566Z</date>
  <millis>1728425500235</millis>
  <nanos>966566</nanos>
  <sequence>22</sequence>
  <logger>Server</logger>
  <level>INFO</level>
  <class>Server</class>
  <method>main</method>
  <thread>1</thread>
  <message>Request has been processed</message>
</record>
<record>
  <date>2024-10-08T22:11:40.455699012Z</date>
  <millis>1728425500455</millis>
  <nanos>699012</nanos>
  <sequence>23</sequence>
  <logger>Server</logger>
  <level>INFO</level>
  <class>Server</class>
  <method>main</method>
  <thread>1</thread>
  <message>Server get request</message>
</record>
<record>
  <date>2024-10-08T22:11:40.456150671Z</date>
  <millis>1728425500456</millis>
  <nanos>150671</nanos>
  <sequence>24</sequence>
  <logger>Server</logger>
  <level>INFO</level>
  <class>Server</class>
  <method>main</method>
  <thread>1</thread>
  <message>Request has been processed</message>
</record>
<record>
  <date>2024-10-08T22:11:40.673554999Z</date>
  <millis>1728425500673</millis>
  <nanos>554999</nanos>
  <sequence>25</sequence>
  <logger>Server</logger>
  <level>INFO</level>
  <class>Server</class>
  <method>main</method>
  <thread>1</thread>
  <message>Server get request</message>
</record>
<record>
  <date>2024-10-08T22:11:40.673991537Z</date>
  <millis>1728425500673</millis>
  <nanos>991537</nanos>
  <sequence>26</sequence>
  <logger>Server</logger>
  <level>INFO</level>
  <class>Server</class>
  <method>main</method>
  <thread>1</thread>
  <message>Request has been processed</message>
</record>
<record>
  <date>2024-10-08T22:11:42.810916077Z</date>
  <millis>1728425502810</millis>
  <nanos>916077</nanos>
  <sequence>27</sequence>
  <logger>Server</logger>
  <level>INFO</level>
  <class>Server</class>
  <method>main</method>
  <thread>1</thread>
  <message>Server get request</message>
</record>
<record>
  <date>2024-10-08T22:11:42.811543145Z</date>
  <millis>1728425502811</millis>
  <nanos>543145</nanos>
  <sequence>28</sequence>
  <logger>Server</logger>
  <level>INFO</level>
  <class>Server</class>
  <method>main</method>
  <thread>1</thread>
  <message>Request has been processed</message>
</record>
<record>
  <date>2024-10-08T22:11:43.039189490Z</date>
  <millis>1728425503039</millis>
  <nanos>189490</nanos>
  <sequence>29</sequence>
  <logger>Server</logger>
  <level>INFO</level>
  <class>Server</class>
  <method>main</method>
  <thread>1</thread>
  <message>Server get request</message>
</record>
<record>
  <date>2024-10-08T22:11:43.039619060Z</date>
  <millis>1728425503039</millis>
  <nanos>619060</nanos>
  <sequence>30</sequence>
  <logger>Server</logger>
  <level>INFO</level>
  <class>Server</class>
  <method>main</method>
  <thread>1</thread>
  <message>Request has been processed</message>
</record>
<record>
  <date>2024-10-08T22:11:43.253952503Z</date>
  <millis>1728425503253</millis>
  <nanos>952503</nanos>
  <sequence>31</sequence>
  <logger>Server</logger>
  <level>INFO</level>
  <class>Server</class>
  <method>main</method>
  <thread>1</thread>
  <message>Server get request</message>
</record>
<record>
  <date>2024-10-08T22:11:43.254383425Z</date>
  <millis>1728425503254</millis>
  <nanos>383425</nanos>
  <sequence>32</sequence>
  <logger>Server</logger>
  <level>INFO</level>
  <class>Server</class>
  <method>main</method>
  <thread>1</thread>
  <message>Request has been processed</message>
</record>
<record>
  <date>2024-10-08T22:11:43.484330683Z</date>
  <millis>1728425503484</millis>
  <nanos>330683</nanos>
  <sequence>33</sequence>
  <logger>Server</logger>
  <level>INFO</level>
  <class>Server</class>
  <method>main</method>
  <thread>1</thread>
  <message>Server get request</message>
</record>
<record>
  <date>2024-10-08T22:11:43.484716531Z</date>
  <millis>1728425503484</millis>
  <nanos>716531</nanos>
  <sequence>34</sequence>
  <logger>Server</logger>
  <level>INFO</level>
  <class>Server</class>
  <method>main</method>
  <thread>1</thread>
  <message>Request has been processed</message>
</record>
<record>
  <date>2024-10-08T22:11:43.700164934Z</date>
  <millis>1728425503700</millis>
  <nanos>164934</nanos>
  <sequence>35</sequence>
  <logger>Server</logger>
  <level>INFO</level>
  <class>Server</class>
  <method>main</method>
  <thread>1</thread>
  <message>Server get request</message>
</record>
<record>
  <date>2024-10-08T22:11:43.700566159Z</date>
  <millis>1728425503700</millis>
  <nanos>566159</nanos>
  <sequence>36</sequence>
  <logger>Server</logger>
  <level>INFO</level>
  <class>Server</class>
  <method>main</method>
  <thread>1</thread>
  <message>Request has been processed</message>
</record>
<record>
  <date>2024-10-08T22:11:44.913821823Z</date>
  <millis>1728425504913</millis>
  <nanos>821823</nanos>
  <sequence>37</sequence>
  <logger>Server</logger>
  <level>INFO</level>
  <class>Server</class>
  <method>main</method>
  <thread>1</thread>
  <message>Server get request</message>
</record>
<record>
  <date>2024-10-08T22:11:44.914436606Z</date>
  <millis>1728425504914</millis>
  <nanos>436606</nanos>
  <sequence>38</sequence>
  <logger>Server</logger>
  <level>INFO</level>
  <class>Server</class>
  <method>main</method>
  <thread>1</thread>
  <message>Request has been processed</message>
</record>
<record>
  <date>2024-10-08T22:11:45.150899672Z</date>
  <millis>1728425505150</millis>
  <nanos>899672</nanos>
  <sequence>39</sequence>
  <logger>Server</logger>
  <level>INFO</level>
  <class>Server</class>
  <method>main</method>
  <thread>1</thread>
  <message>Server get request</message>
</record>
<record>
  <date>2024-10-08T22:11:45.151273540Z</date>
  <millis>1728425505151</millis>
  <nanos>273540</nanos>
  <sequence>40</sequence>
  <logger>Server</logger>
  <level>INFO</level>
  <class>Server</class>
  <method>main</method>
  <thread>1</thread>
  <message>Request has been processed</message>
</record>
<record>
  <date>2024-10-08T22:11:48.241614518Z</date>
  <millis>1728425508241</millis>
  <nanos>614518</nanos>
  <sequence>41</sequence>
  <logger>Server</logger>
  <level>INFO</level>
  <class>Server</class>
  <method>main</method>
  <thread>1</thread>
  <message>Server get request</message>
</record>
<record>
  <date>2024-10-08T22:11:48.242271900Z</date>
  <millis>1728425508242</millis>
  <nanos>271900</nanos>
  <sequence>42</sequence>
  <logger>Server</logger>
  <level>INFO</level>
  <class>Server</class>
  <method>main</method>
  <thread>1</thread>
  <message>Request has been processed</message>
</record>
<record>
  <date>2024-10-08T22:11:48.464305137Z</date>
  <millis>1728425508464</millis>
  <nanos>305137</nanos>
  <sequence>43</sequence>
  <logger>Server</logger>
  <level>INFO</level>
  <class>Server</class>
  <method>main</method>
  <thread>1</thread>
  <message>Server get request</message>
</record>
<record>
  <date>2024-10-08T22:11:48.464747410Z</date>
  <millis>1728425508464</millis>
  <nanos>747410</nanos>
  <sequence>44</sequence>
  <logger>Server</logger>
  <level>INFO</level>
  <class>Server</class>
  <method>main</method>
  <thread>1</thread>
  <message>Request has been processed</message>
</record>
<record>
  <date>2024-10-08T22:11:48.912707600Z</date>
  <millis>1728425508912</millis>
  <nanos>707600</nanos>
  <sequence>45</sequence>
  <logger>Server</logger>
  <level>INFO</level>
  <class>Server</class>
  <method>main</method>
  <thread>1</thread>
  <message>Server get request</message>
</record>
<record>
  <date>2024-10-08T22:11:48.913405014Z</date>
  <millis>1728425508913</millis>
  <nanos>405014</nanos>
  <sequence>46</sequence>
  <logger>Server</logger>
  <level>INFO</level>
  <class>Server</class>
  <method>main</method>
  <thread>1</thread>
  <message>Request has been processed</message>
</record>
<record>
  <date>2024-10-08T22:11:49.136834273Z</date>
  <millis>1728425509136</millis>
  <nanos>834273</nanos>
  <sequence>47</sequence>
  <logger>Server</logger>
  <level>INFO</level>
  <class>Server</class>
  <method>main</method>
  <thread>1</thread>
  <message>Server get request</message>
</record>
<record>
  <date>2024-10-08T22:11:49.137172290Z</date>
  <millis>1728425509137</millis>
  <nanos>172290</nanos>
  <sequence>48</sequence>
  <logger>Server</logger>
  <level>INFO</level>
  <class>Server</class>
  <method>main</method>
  <thread>1</thread>
  <message>Request has been processed</message>
</record>
<record>
  <date>2024-10-08T22:11:49.354602518Z</date>
  <millis>1728425509354</millis>
  <nanos>602518</nanos>
  <sequence>49</sequence>
  <logger>Server</logger>
  <level>INFO</level>
  <class>Server</class>
  <method>main</method>
  <thread>1</thread>
  <message>Server get request</message>
</record>
<record>
  <date>2024-10-08T22:11:49.355016342Z</date>
  <millis>1728425509355</millis>
  <nanos>16342</nanos>
  <sequence>50</sequence>
  <logger>Server</logger>
  <level>INFO</level>
  <class>Server</class>
  <method>main</method>
  <thread>1</thread>
  <message>Request has been processed</message>
</record>
<record>
  <date>2024-10-08T22:11:49.576362364Z</date>
  <millis>1728425509576</millis>
  <nanos>362364</nanos>
  <sequence>51</sequence>
  <logger>Server</logger>
  <level>INFO</level>
  <class>Server</class>
  <method>main</method>
  <thread>1</thread>
  <message>Server get request</message>
</record>
<record>
  <date>2024-10-08T22:11:49.576736376Z</date>
  <millis>1728425509576</millis>
  <nanos>736376</nanos>
  <sequence>52</sequence>
  <logger>Server</logger>
  <level>INFO</level>
  <class>Server</class>
  <method>main</method>
  <thread>1</thread>
  <message>Request has been processed</message>
</record>
<record>
  <date>2024-10-08T22:11:49.793404241Z</date>
  <millis>1728425509793</millis>
  <nanos>404241</nanos>
  <sequence>53</sequence>
  <logger>Server</logger>
  <level>INFO</level>
  <class>Server</class>
  <method>main</method>
  <thread>1</thread>
  <message>Server get request</message>
</record>
<record>
  <date>2024-10-08T22:11:49.793761028Z</date>
  <millis>1728425509793</millis>
  <nanos>761028</nanos>
  <sequence>54</sequence>
  <logger>Server</logger>
  <level>INFO</level>
  <class>Server</class>
  <method>main</method>
  <thread>1</thread>
  <message>Request has been processed</message>
</record>
<record>
  <date>2024-10-08T22:11:50.032270942Z</date>
  <millis>1728425510032</millis>
  <nanos>270942</nanos>
  <sequence>55</sequence>
  <logger>Server</logger>
  <level>INFO</level>
  <class>Server</class>
  <method>main</method>
  <thread>1</thread>
  <message>Server get request</message>
</record>
<record>
  <date>2024-10-08T22:11:50.032863734Z</date>
  <millis>1728425510032</millis>
  <nanos>863734</nanos>
  <sequence>56</sequence>
  <logger>Server</logger>
  <level>INFO</level>
  <class>Server</class>
  <method>main</method>
  <thread>1</thread>
  <message>Request has been processed</message>
</record>
<record>
  <date>2024-10-08T22:11:50.254078865Z</date>
  <millis>1728425510254</millis>
  <nanos>78865</nanos>
  <sequence>57</sequence>
  <logger>Server</logger>
  <level>INFO</level>
  <class>Server</class>
  <method>main</method>
  <thread>1</thread>
  <message>Server get request</message>
</record>
<record>
  <date>2024-10-08T22:11:50.254706028Z</date>
  <millis>1728425510254</millis>
  <nanos>706028</nanos>
  <sequence>58</sequence>
  <logger>Server</logger>
  <level>INFO</level>
  <class>Server</class>
  <method>main</method>
  <thread>1</thread>
  <message>Request has been processed</message>
</record>
<record>
  <date>2024-10-08T22:11:50.469563917Z</date>
  <millis>1728425510469</millis>
  <nanos>563917</nanos>
  <sequence>59</sequence>
  <logger>Server</logger>
  <level>INFO</level>
  <class>Server</class>
  <method>main</method>
  <thread>1</thread>
  <message>Server get request</message>
</record>
<record>
  <date>2024-10-08T22:11:50.469914211Z</date>
  <millis>1728425510469</millis>
  <nanos>914211</nanos>
  <sequence>60</sequence>
  <logger>Server</logger>
  <level>INFO</level>
  <class>Server</class>
  <method>main</method>
  <thread>1</thread>
  <message>Request has been processed</message>
</record>
</log>
